<?xml version="1.0" encoding="UTF-8"?>
<!-- Generated by org.testng.reporters.JUnitXMLReporter -->
<testsuite ignored="0" hostname="LAPTOP-TJ6E03VU" failures="0" tests="10" name="Default test" time="151.49" errors="0" timestamp="2022-01-19T16:20:39 IST">
  <testcase classname="runner.WebApp" name="HomePage" time="0.487"/>
  <testcase classname="runner.WebApp" name="LocalPage" time="23.514"/>
  <testcase classname="runner.WebApp" name="SignUp" time="3.736"/>
  <testcase classname="runner.WebApp" name="HomepageLogin" time="3.633"/>
  <testcase classname="runner.WebApp" name="AboutPage" time="1.321"/>
  <testcase classname="runner.WebApp" name="ContactPage" time="2.589"/>
  <testcase classname="runner.WebApp" name="OnewayPage" time="11.066"/>
  <testcase classname="runner.WebApp" name="OutstationPage" time="27.71"/>
  <testcase classname="runner.WebApp" name="AirportPage" time="29.361"/>
  <testcase classname="runner.WebApp" name="CorporatePage" time="7.522"/>
</testsuite> <!-- Default test -->
