<?xml version="1.0" encoding="UTF-8"?>
<testng-results ignored="0" total="10" passed="10" failed="0" skipped="0">
  <reporter-output>
  </reporter-output>
  <suite started-at="2022-01-19T16:18:08 IST" name="Default suite" finished-at="2022-01-19T16:20:39 IST" duration-ms="151490">
    <groups>
    </groups>
    <test started-at="2022-01-19T16:18:08 IST" name="Default test" finished-at="2022-01-19T16:20:39 IST" duration-ms="151490">
      <class name="runner.WebApp">
        <test-method is-config="true" signature="Before()[pri:0, instance:runner.WebApp@5f354bcf]" started-at="2022-01-19T16:18:08 IST" name="Before" finished-at="2022-01-19T16:18:13 IST" duration-ms="5273" status="PASS">
          <reporter-output>
          </reporter-output>
        </test-method> <!-- Before -->
        <test-method signature="HomePage()[pri:1, instance:runner.WebApp@5f354bcf]" started-at="2022-01-19T16:18:13 IST" name="HomePage" finished-at="2022-01-19T16:18:14 IST" duration-ms="487" status="PASS">
          <reporter-output>
          </reporter-output>
        </test-method> <!-- HomePage -->
        <test-method is-config="true" signature="After()[pri:0, instance:runner.WebApp@5f354bcf]" started-at="2022-01-19T16:18:14 IST" name="After" finished-at="2022-01-19T16:18:14 IST" duration-ms="118" status="PASS">
          <reporter-output>
          </reporter-output>
        </test-method> <!-- After -->
        <test-method is-config="true" signature="Before()[pri:0, instance:runner.WebApp@5f354bcf]" started-at="2022-01-19T16:18:14 IST" name="Before" finished-at="2022-01-19T16:18:17 IST" duration-ms="3562" status="PASS">
          <reporter-output>
          </reporter-output>
        </test-method> <!-- Before -->
        <test-method signature="LocalPage()[pri:1, instance:runner.WebApp@5f354bcf]" started-at="2022-01-19T16:18:17 IST" name="LocalPage" finished-at="2022-01-19T16:18:41 IST" duration-ms="23514" status="PASS">
          <reporter-output>
          </reporter-output>
        </test-method> <!-- LocalPage -->
        <test-method is-config="true" signature="After()[pri:0, instance:runner.WebApp@5f354bcf]" started-at="2022-01-19T16:18:41 IST" name="After" finished-at="2022-01-19T16:18:41 IST" duration-ms="146" status="PASS">
          <reporter-output>
          </reporter-output>
        </test-method> <!-- After -->
        <test-method is-config="true" signature="Before()[pri:0, instance:runner.WebApp@5f354bcf]" started-at="2022-01-19T16:18:41 IST" name="Before" finished-at="2022-01-19T16:18:44 IST" duration-ms="3430" status="PASS">
          <reporter-output>
          </reporter-output>
        </test-method> <!-- Before -->
        <test-method signature="SignUp()[pri:2, instance:runner.WebApp@5f354bcf]" started-at="2022-01-19T16:18:44 IST" name="SignUp" finished-at="2022-01-19T16:18:48 IST" duration-ms="3736" status="PASS">
          <reporter-output>
          </reporter-output>
        </test-method> <!-- SignUp -->
        <test-method is-config="true" signature="After()[pri:0, instance:runner.WebApp@5f354bcf]" started-at="2022-01-19T16:18:48 IST" name="After" finished-at="2022-01-19T16:18:48 IST" duration-ms="126" status="PASS">
          <reporter-output>
          </reporter-output>
        </test-method> <!-- After -->
        <test-method is-config="true" signature="Before()[pri:0, instance:runner.WebApp@5f354bcf]" started-at="2022-01-19T16:18:48 IST" name="Before" finished-at="2022-01-19T16:18:52 IST" duration-ms="3474" status="PASS">
          <reporter-output>
          </reporter-output>
        </test-method> <!-- Before -->
        <test-method signature="HomepageLogin()[pri:3, instance:runner.WebApp@5f354bcf]" started-at="2022-01-19T16:18:52 IST" name="HomepageLogin" finished-at="2022-01-19T16:18:55 IST" duration-ms="3633" status="PASS">
          <reporter-output>
          </reporter-output>
        </test-method> <!-- HomepageLogin -->
        <test-method is-config="true" signature="After()[pri:0, instance:runner.WebApp@5f354bcf]" started-at="2022-01-19T16:18:55 IST" name="After" finished-at="2022-01-19T16:18:55 IST" duration-ms="105" status="PASS">
          <reporter-output>
          </reporter-output>
        </test-method> <!-- After -->
        <test-method is-config="true" signature="Before()[pri:0, instance:runner.WebApp@5f354bcf]" started-at="2022-01-19T16:18:55 IST" name="Before" finished-at="2022-01-19T16:18:59 IST" duration-ms="3632" status="PASS">
          <reporter-output>
          </reporter-output>
        </test-method> <!-- Before -->
        <test-method signature="AboutPage()[pri:4, instance:runner.WebApp@5f354bcf]" started-at="2022-01-19T16:18:59 IST" name="AboutPage" finished-at="2022-01-19T16:19:00 IST" duration-ms="1321" status="PASS">
          <reporter-output>
          </reporter-output>
        </test-method> <!-- AboutPage -->
        <test-method is-config="true" signature="After()[pri:0, instance:runner.WebApp@5f354bcf]" started-at="2022-01-19T16:19:00 IST" name="After" finished-at="2022-01-19T16:19:01 IST" duration-ms="123" status="PASS">
          <reporter-output>
          </reporter-output>
        </test-method> <!-- After -->
        <test-method is-config="true" signature="Before()[pri:0, instance:runner.WebApp@5f354bcf]" started-at="2022-01-19T16:19:01 IST" name="Before" finished-at="2022-01-19T16:19:04 IST" duration-ms="3402" status="PASS">
          <reporter-output>
          </reporter-output>
        </test-method> <!-- Before -->
        <test-method signature="ContactPage()[pri:5, instance:runner.WebApp@5f354bcf]" started-at="2022-01-19T16:19:04 IST" name="ContactPage" finished-at="2022-01-19T16:19:07 IST" duration-ms="2589" status="PASS">
          <reporter-output>
          </reporter-output>
        </test-method> <!-- ContactPage -->
        <test-method is-config="true" signature="After()[pri:0, instance:runner.WebApp@5f354bcf]" started-at="2022-01-19T16:19:07 IST" name="After" finished-at="2022-01-19T16:19:07 IST" duration-ms="114" status="PASS">
          <reporter-output>
          </reporter-output>
        </test-method> <!-- After -->
        <test-method is-config="true" signature="Before()[pri:0, instance:runner.WebApp@5f354bcf]" started-at="2022-01-19T16:19:07 IST" name="Before" finished-at="2022-01-19T16:19:12 IST" duration-ms="5500" status="PASS">
          <reporter-output>
          </reporter-output>
        </test-method> <!-- Before -->
        <test-method signature="OnewayPage()[pri:6, instance:runner.WebApp@5f354bcf]" started-at="2022-01-19T16:19:12 IST" name="OnewayPage" finished-at="2022-01-19T16:19:23 IST" duration-ms="11066" status="PASS">
          <reporter-output>
          </reporter-output>
        </test-method> <!-- OnewayPage -->
        <test-method is-config="true" signature="After()[pri:0, instance:runner.WebApp@5f354bcf]" started-at="2022-01-19T16:19:23 IST" name="After" finished-at="2022-01-19T16:19:23 IST" duration-ms="114" status="PASS">
          <reporter-output>
          </reporter-output>
        </test-method> <!-- After -->
        <test-method is-config="true" signature="Before()[pri:0, instance:runner.WebApp@5f354bcf]" started-at="2022-01-19T16:19:23 IST" name="Before" finished-at="2022-01-19T16:19:27 IST" duration-ms="3640" status="PASS">
          <reporter-output>
          </reporter-output>
        </test-method> <!-- Before -->
        <test-method signature="OutstationPage()[pri:8, instance:runner.WebApp@5f354bcf]" started-at="2022-01-19T16:19:27 IST" name="OutstationPage" finished-at="2022-01-19T16:19:55 IST" duration-ms="27710" status="PASS">
          <reporter-output>
          </reporter-output>
        </test-method> <!-- OutstationPage -->
        <test-method is-config="true" signature="After()[pri:0, instance:runner.WebApp@5f354bcf]" started-at="2022-01-19T16:19:55 IST" name="After" finished-at="2022-01-19T16:19:55 IST" duration-ms="146" status="PASS">
          <reporter-output>
          </reporter-output>
        </test-method> <!-- After -->
        <test-method is-config="true" signature="Before()[pri:0, instance:runner.WebApp@5f354bcf]" started-at="2022-01-19T16:19:55 IST" name="Before" finished-at="2022-01-19T16:19:59 IST" duration-ms="3755" status="PASS">
          <reporter-output>
          </reporter-output>
        </test-method> <!-- Before -->
        <test-method signature="AirportPage()[pri:9, instance:runner.WebApp@5f354bcf]" started-at="2022-01-19T16:19:59 IST" name="AirportPage" finished-at="2022-01-19T16:20:28 IST" duration-ms="29361" status="PASS">
          <reporter-output>
          </reporter-output>
        </test-method> <!-- AirportPage -->
        <test-method is-config="true" signature="After()[pri:0, instance:runner.WebApp@5f354bcf]" started-at="2022-01-19T16:20:28 IST" name="After" finished-at="2022-01-19T16:20:28 IST" duration-ms="147" status="PASS">
          <reporter-output>
          </reporter-output>
        </test-method> <!-- After -->
        <test-method is-config="true" signature="Before()[pri:0, instance:runner.WebApp@5f354bcf]" started-at="2022-01-19T16:20:28 IST" name="Before" finished-at="2022-01-19T16:20:32 IST" duration-ms="3596" status="PASS">
          <reporter-output>
          </reporter-output>
        </test-method> <!-- Before -->
        <test-method signature="CorporatePage()[pri:10, instance:runner.WebApp@5f354bcf]" started-at="2022-01-19T16:20:32 IST" name="CorporatePage" finished-at="2022-01-19T16:20:39 IST" duration-ms="7522" status="PASS">
          <reporter-output>
          </reporter-output>
        </test-method> <!-- CorporatePage -->
        <test-method is-config="true" signature="After()[pri:0, instance:runner.WebApp@5f354bcf]" started-at="2022-01-19T16:20:39 IST" name="After" finished-at="2022-01-19T16:20:39 IST" duration-ms="112" status="PASS">
          <reporter-output>
          </reporter-output>
        </test-method> <!-- After -->
        <test-method is-config="true" signature="flush()[pri:0, instance:runner.WebApp@5f354bcf]" started-at="2022-01-19T16:20:39 IST" name="flush" finished-at="2022-01-19T16:20:40 IST" duration-ms="240" status="PASS">
          <reporter-output>
          </reporter-output>
        </test-method> <!-- flush -->
      </class> <!-- runner.WebApp -->
    </test> <!-- Default test -->
  </suite> <!-- Default suite -->
</testng-results>
